Some weights of the model checkpoint at facebook/detr-resnet-50 were not used when initializing DetrForObjectDetection: ['model.backbone.conv_encoder.model.layer1.0.downsample.1.num_batches_tracked', 'model.backbone.conv_encoder.model.layer2.0.downsample.1.num_batches_tracked', 'model.backbone.conv_encoder.model.layer3.0.downsample.1.num_batches_tracked', 'model.backbone.conv_encoder.model.layer4.0.downsample.1.num_batches_tracked']
- This IS expected if you are initializing DetrForObjectDetection from the checkpoint of a model trained on another task or with another architecture (e.g. initializing a BertForSequenceClassification model from a BertForPreTraining model).
- This IS NOT expected if you are initializing DetrForObjectDetection from the checkpoint of a model that you expect to be exactly identical (initializing a BertForSequenceClassification model from a BertForSequenceClassification model).
Some weights of DetrForObjectDetection were not initialized from the model checkpoint at facebook/detr-resnet-50 and are newly initialized because the shapes did not match:
- class_labels_classifier.bias: found shape torch.Size([92]) in the checkpoint and torch.Size([11]) in the model instantiated
- class_labels_classifier.weight: found shape torch.Size([92, 256]) in the checkpoint and torch.Size([11, 256]) in the model instantiated
You should probably TRAIN this model on a down-stream task to be able to use it for predictions and inference.
loading annotations into memory...
Done (t=0.00s)
creating index...
index created!
{
  "side_by_side_saved": 6,
  "classification_errors_total": 4,
  "localization_errors_total": 199,
  "classification_errors_saved": 4,
  "localization_errors_saved": 6,
  "thresholds": {
    "score": 0.3,
    "high_conf": 0.5,
    "iou_class_match": 0.3,
    "iou_localization_low": 0.1,
    "iou_localization_high": 0.5
  }
}
